# JRE version: Java(TM) SE Runtime Environment (8.0_111-b14) (build 1.8.0_111-b14)
# Java VM: Java HotSpot(TM) 64-Bit Server VM (25.111-b14 mixed mode windows-amd64 compressed oops)
Heap:
 PSYoungGen      total 123904K, used 30155K [0x000000076b380000, 0x0000000773f00000, 0x00000007c0000000)
  eden space 117248K, 20% used [0x000000076b380000,0x000000076cad0698,0x0000000772600000)
  from space 6656K, 94% used [0x0000000773880000,0x0000000773ea2610,0x0000000773f00000)
  to   space 12288K, 0% used [0x0000000772700000,0x0000000772700000,0x0000000773300000)
 ParOldGen       total 704512K, used 657020K [0x00000006c1a00000, 0x00000006eca00000, 0x000000076b380000)
  object space 704512K, 93% used [0x00000006c1a00000,0x00000006e9b9f138,0x00000006eca00000)
 Metaspace       used 11831K, capacity 12052K, committed 12288K, reserved 1060864K
  class space    used 1352K, capacity 1427K, committed 1536K, reserved 1048576K
GC Heap History (10 events):
Event: 1486.075 GC heap before
{Heap before GC invocations=2545 (full 9):
 PSYoungGen      total 145920K, used 145489K [0x000000076b380000, 0x0000000775200000, 0x00000007c0000000)
  eden space 136192K, 99% used [0x000000076b380000,0x000000077386d3b8,0x0000000773880000)
  from space 9728K, 96% used [0x0000000774180000,0x0000000774aa7230,0x0000000774b00000)
  to   space 7168K, 0% used [0x0000000774b00000,0x0000000774b00000,0x0000000775200000)
 ParOldGen       total 704512K, used 652996K [0x00000006c1a00000, 0x00000006eca00000, 0x000000076b380000)
  object space 704512K, 92% used [0x00000006c1a00000,0x00000006e97b1138,0x00000006eca00000)
 Metaspace       used 11822K, capacity 12052K, committed 12288K, reserved 1060864K
  class space    used 1349K, capacity 1427K, committed 1536K, reserved 1048576K
Event: 1486.080 GC heap after
Heap after GC invocations=2545 (full 9):
 PSYoungGen      total 139264K, used 7164K [0x000000076b380000, 0x0000000775200000, 0x00000007c0000000)
  eden space 132096K, 0% used [0x000000076b380000,0x000000076b380000,0x0000000773480000)
  from space 7168K, 99% used [0x0000000774b00000,0x00000007751ff230,0x0000000775200000)
  to   space 12800K, 0% used [0x0000000773900000,0x0000000773900000,0x0000000774580000)
 ParOldGen       total 704512K, used 655692K [0x00000006c1a00000, 0x00000006eca00000, 0x000000076b380000)
  object space 704512K, 93% used [0x00000006c1a00000,0x00000006e9a53138,0x00000006eca00000)
 Metaspace       used 11822K, capacity 12052K, committed 12288K, reserved 1060864K
  class space    used 1349K, capacity 1427K, committed 1536K, reserved 1048576K
}
Event: 1487.315 GC heap before
{Heap before GC invocations=2546 (full 9):
 PSYoungGen      total 139264K, used 138792K [0x000000076b380000, 0x0000000775200000, 0x00000007c0000000)
  eden space 132096K, 99% used [0x000000076b380000,0x000000077340aeb8,0x0000000773480000)
  from space 7168K, 99% used [0x0000000774b00000,0x00000007751ff230,0x0000000775200000)
  to   space 12800K, 0% used [0x0000000773900000,0x0000000773900000,0x0000000774580000)
 ParOldGen       total 704512K, used 655692K [0x00000006c1a00000, 0x00000006eca00000, 0x000000076b380000)
  object space 704512K, 93% used [0x00000006c1a00000,0x00000006e9a53138,0x00000006eca00000)
 Metaspace       used 11822K, capacity 12052K, committed 12288K, reserved 1060864K
  class space    used 1349K, capacity 1427K, committed 1536K, reserved 1048576K
Event: 1487.320 GC heap after
Heap after GC invocations=2546 (full 9):
 PSYoungGen      total 135680K, used 7356K [0x000000076b380000, 0x0000000774b80000, 0x00000007c0000000)
  eden space 128000K, 0% used [0x000000076b380000,0x000000076b380000,0x0000000773080000)
  from space 7680K, 95% used [0x0000000773900000,0x000000077402f230,0x0000000774080000)
  to   space 11264K, 0% used [0x0000000774080000,0x0000000774080000,0x0000000774b80000)
 ParOldGen       total 704512K, used 656300K [0x00000006c1a00000, 0x00000006eca00000, 0x000000076b380000)
  object space 704512K, 93% used [0x00000006c1a00000,0x00000006e9aeb138,0x00000006eca00000)
 Metaspace       used 11822K, capacity 12052K, committed 12288K, reserved 1060864K
  class space    used 1349K, capacity 1427K, committed 1536K, reserved 1048576K
}
Event: 1488.834 GC heap before
{Heap before GC invocations=2547 (full 9):
 PSYoungGen      total 135680K, used 135356K [0x000000076b380000, 0x0000000774b80000, 0x00000007c0000000)
  eden space 128000K, 100% used [0x000000076b380000,0x0000000773080000,0x0000000773080000)
  from space 7680K, 95% used [0x0000000773900000,0x000000077402f230,0x0000000774080000)
  to   space 11264K, 0% used [0x0000000774080000,0x0000000774080000,0x0000000774b80000)
 ParOldGen       total 704512K, used 656300K [0x00000006c1a00000, 0x00000006eca00000, 0x000000076b380000)
  object space 704512K, 93% used [0x00000006c1a00000,0x00000006e9aeb138,0x00000006eca00000)
 Metaspace       used 11822K, capacity 12052K, committed 12288K, reserved 1060864K
  class space    used 1349K, capacity 1427K, committed 1536K, reserved 1048576K
Event: 1488.838 GC heap after
Heap after GC invocations=2547 (full 9):
 PSYoungGen      total 132608K, used 7836K [0x000000076b380000, 0x0000000774880000, 0x00000007c0000000)
  eden space 124416K, 0% used [0x000000076b380000,0x000000076b380000,0x0000000772d00000)
  from space 8192K, 95% used [0x0000000774080000,0x0000000774827230,0x0000000774880000)
  to   space 12288K, 0% used [0x0000000773080000,0x0000000773080000,0x0000000773c80000)
 ParOldGen       total 704512K, used 656300K [0x00000006c1a00000, 0x00000006eca00000, 0x000000076b380000)
  object space 704512K, 93% used [0x00000006c1a00000,0x00000006e9aeb138,0x00000006eca00000)
 Metaspace       used 11822K, capacity 12052K, committed 12288K, reserved 1060864K
  class space    used 1349K, capacity 1427K, committed 1536K, reserved 1048576K
}
Event: 1489.921 GC heap before
{Heap before GC invocations=2548 (full 9):
 PSYoungGen      total 132608K, used 131414K [0x000000076b380000, 0x0000000774880000, 0x00000007c0000000)
  eden space 124416K, 99% used [0x000000076b380000,0x0000000772c2e5e8,0x0000000772d00000)
  from space 8192K, 95% used [0x0000000774080000,0x0000000774827230,0x0000000774880000)
  to   space 12288K, 0% used [0x0000000773080000,0x0000000773080000,0x0000000773c80000)
 ParOldGen       total 704512K, used 656300K [0x00000006c1a00000, 0x00000006eca00000, 0x000000076b380000)
  object space 704512K, 93% used [0x00000006c1a00000,0x00000006e9aeb138,0x00000006eca00000)
 Metaspace       used 11822K, capacity 12052K, committed 12288K, reserved 1060864K
  class space    used 1349K, capacity 1427K, committed 1536K, reserved 1048576K
Event: 1489.926 GC heap after
Heap after GC invocations=2548 (full 9):
 PSYoungGen      total 129024K, used 8028K [0x000000076b380000, 0x0000000774180000, 0x00000007c0000000)
  eden space 120832K, 0% used [0x000000076b380000,0x000000076b380000,0x0000000772980000)
  from space 8192K, 98% used [0x0000000773080000,0x0000000773857230,0x0000000773880000)
  to   space 9216K, 0% used [0x0000000773880000,0x0000000773880000,0x0000000774180000)
 ParOldGen       total 704512K, used 656668K [0x00000006c1a00000, 0x00000006eca00000, 0x000000076b380000)
  object space 704512K, 93% used [0x00000006c1a00000,0x00000006e9b47138,0x00000006eca00000)
 Metaspace       used 11822K, capacity 12052K, committed 12288K, reserved 1060864K
  class space    used 1349K, capacity 1427K, committed 1536K, reserved 1048576K
}
Event: 1491.129 GC heap before
{Heap before GC invocations=2549 (full 9):
 PSYoungGen      total 129024K, used 128605K [0x000000076b380000, 0x0000000774180000, 0x00000007c0000000)
  eden space 120832K, 99% used [0x000000076b380000,0x00000007729404b8,0x0000000772980000)
  from space 8192K, 98% used [0x0000000773080000,0x0000000773857230,0x0000000773880000)
  to   space 9216K, 0% used [0x0000000773880000,0x0000000773880000,0x0000000774180000)
 ParOldGen       total 704512K, used 656668K [0x00000006c1a00000, 0x00000006eca00000, 0x000000076b380000)
  object space 704512K, 93% used [0x00000006c1a00000,0x00000006e9b47138,0x00000006eca00000)
 Metaspace       used 11822K, capacity 12052K, committed 12288K, reserved 1060864K
  class space    used 1349K, capacity 1427K, committed 1536K, reserved 1048576K
Event: 1491.134 GC heap after
Heap after GC invocations=2549 (full 9):
 PSYoungGen      total 123904K, used 6281K [0x000000076b380000, 0x0000000773f00000, 0x00000007c0000000)
  eden space 117248K, 0% used [0x000000076b380000,0x000000076b380000,0x0000000772600000)
  from space 6656K, 94% used [0x0000000773880000,0x0000000773ea2610,0x0000000773f00000)
  to   space 12288K, 0% used [0x0000000772700000,0x0000000772700000,0x0000000773300000)
 ParOldGen       total 704512K, used 657020K [0x00000006c1a00000, 0x00000006eca00000, 0x000000076b380000)
  object space 704512K, 93% used [0x00000006c1a00000,0x00000006e9b9f138,0x00000006eca00000)
 Metaspace       used 11822K, capacity 12052K, committed 12288K, reserved 1060864K
  class space    used 1349K, capacity 1427K, committed 1536K, reserved 1048576K
}

