# JRE version: Java(TM) SE Runtime Environment (8.0_111-b14) (build 1.8.0_111-b14)
# Java VM: Java HotSpot(TM) 64-Bit Server VM (25.111-b14 mixed mode windows-amd64 compressed oops)
Heap:
 PSYoungGen      total 35328K, used 23027K [0x000000076b380000, 0x000000076da80000, 0x00000007c0000000)
  eden space 30720K, 68% used [0x000000076b380000,0x000000076c7e8320,0x000000076d180000)
  from space 4608K, 46% used [0x000000076d180000,0x000000076d394c20,0x000000076d600000)
  to   space 4096K, 0% used [0x000000076d680000,0x000000076d680000,0x000000076da80000)
 ParOldGen       total 219136K, used 197441K [0x00000006c1a00000, 0x00000006cf000000, 0x000000076b380000)
  object space 219136K, 90% used [0x00000006c1a00000,0x00000006cdad05c8,0x00000006cf000000)
 Metaspace       used 11712K, capacity 11924K, committed 12288K, reserved 1060864K
  class space    used 1339K, capacity 1427K, committed 1536K, reserved 1048576K
GC Heap History (10 events):
Event: 383.227 GC heap before
{Heap before GC invocations=1403 (full 2):
 PSYoungGen      total 36864K, used 35373K [0x000000076b380000, 0x000000076dc80000, 0x00000007c0000000)
  eden space 32768K, 98% used [0x000000076b380000,0x000000076d2fc2e8,0x000000076d380000)
  from space 4096K, 76% used [0x000000076d880000,0x000000076db8f230,0x000000076dc80000)
  to   space 4608K, 0% used [0x000000076d380000,0x000000076d380000,0x000000076d800000)
 ParOldGen       total 219136K, used 196641K [0x00000006c1a00000, 0x00000006cf000000, 0x000000076b380000)
  object space 219136K, 89% used [0x00000006c1a00000,0x00000006cda085c8,0x00000006cf000000)
 Metaspace       used 11709K, capacity 11924K, committed 12288K, reserved 1060864K
  class space    used 1337K, capacity 1427K, committed 1536K, reserved 1048576K
Event: 383.229 GC heap after
Heap after GC invocations=1403 (full 2):
 PSYoungGen      total 34816K, used 2163K [0x000000076b380000, 0x000000076dc00000, 0x00000007c0000000)
  eden space 32256K, 0% used [0x000000076b380000,0x000000076b380000,0x000000076d300000)
  from space 2560K, 84% used [0x000000076d380000,0x000000076d59cc20,0x000000076d600000)
  to   space 4608K, 0% used [0x000000076d780000,0x000000076d780000,0x000000076dc00000)
 ParOldGen       total 219136K, used 196793K [0x00000006c1a00000, 0x00000006cf000000, 0x000000076b380000)
  object space 219136K, 89% used [0x00000006c1a00000,0x00000006cda2e5c8,0x00000006cf000000)
 Metaspace       used 11709K, capacity 11924K, committed 12288K, reserved 1060864K
  class space    used 1337K, capacity 1427K, committed 1536K, reserved 1048576K
}
Event: 383.412 GC heap before
{Heap before GC invocations=1404 (full 2):
 PSYoungGen      total 34816K, used 34379K [0x000000076b380000, 0x000000076dc00000, 0x00000007c0000000)
  eden space 32256K, 99% used [0x000000076b380000,0x000000076d2f62c8,0x000000076d300000)
  from space 2560K, 84% used [0x000000076d380000,0x000000076d59cc20,0x000000076d600000)
  to   space 4608K, 0% used [0x000000076d780000,0x000000076d780000,0x000000076dc00000)
 ParOldGen       total 219136K, used 196793K [0x00000006c1a00000, 0x00000006cf000000, 0x000000076b380000)
  object space 219136K, 89% used [0x00000006c1a00000,0x00000006cda2e5c8,0x00000006cf000000)
 Metaspace       used 11709K, capacity 11924K, committed 12288K, reserved 1060864K
  class space    used 1337K, capacity 1427K, committed 1536K, reserved 1048576K
Event: 383.414 GC heap after
Heap after GC invocations=1404 (full 2):
 PSYoungGen      total 35840K, used 3132K [0x000000076b380000, 0x000000076db80000, 0x00000007c0000000)
  eden space 31744K, 0% used [0x000000076b380000,0x000000076b380000,0x000000076d280000)
  from space 4096K, 76% used [0x000000076d780000,0x000000076da8f230,0x000000076db80000)
  to   space 4608K, 0% used [0x000000076d280000,0x000000076d280000,0x000000076d700000)
 ParOldGen       total 219136K, used 196969K [0x00000006c1a00000, 0x00000006cf000000, 0x000000076b380000)
  object space 219136K, 89% used [0x00000006c1a00000,0x00000006cda5a5c8,0x00000006cf000000)
 Metaspace       used 11709K, capacity 11924K, committed 12288K, reserved 1060864K
  class space    used 1337K, capacity 1427K, committed 1536K, reserved 1048576K
}
Event: 383.583 GC heap before
{Heap before GC invocations=1405 (full 2):
 PSYoungGen      total 35840K, used 34398K [0x000000076b380000, 0x000000076db80000, 0x00000007c0000000)
  eden space 31744K, 98% used [0x000000076b380000,0x000000076d208708,0x000000076d280000)
  from space 4096K, 76% used [0x000000076d780000,0x000000076da8f230,0x000000076db80000)
  to   space 4608K, 0% used [0x000000076d280000,0x000000076d280000,0x000000076d700000)
 ParOldGen       total 219136K, used 196969K [0x00000006c1a00000, 0x00000006cf000000, 0x000000076b380000)
  object space 219136K, 89% used [0x00000006c1a00000,0x00000006cda5a5c8,0x00000006cf000000)
 Metaspace       used 11709K, capacity 11924K, committed 12288K, reserved 1060864K
  class space    used 1337K, capacity 1427K, committed 1536K, reserved 1048576K
Event: 383.585 GC heap after
Heap after GC invocations=1405 (full 2):
 PSYoungGen      total 32768K, used 1225K [0x000000076b380000, 0x000000076db00000, 0x00000007c0000000)
  eden space 31232K, 0% used [0x000000076b380000,0x000000076b380000,0x000000076d200000)
  from space 1536K, 79% used [0x000000076d280000,0x000000076d3b2610,0x000000076d400000)
  to   space 4608K, 0% used [0x000000076d680000,0x000000076d680000,0x000000076db00000)
 ParOldGen       total 219136K, used 197129K [0x00000006c1a00000, 0x00000006cf000000, 0x000000076b380000)
  object space 219136K, 89% used [0x00000006c1a00000,0x00000006cda825c8,0x00000006cf000000)
 Metaspace       used 11709K, capacity 11924K, committed 12288K, reserved 1060864K
  class space    used 1337K, capacity 1427K, committed 1536K, reserved 1048576K
}
Event: 383.751 GC heap before
{Heap before GC invocations=1406 (full 2):
 PSYoungGen      total 32768K, used 31536K [0x000000076b380000, 0x000000076db00000, 0x00000007c0000000)
  eden space 31232K, 97% used [0x000000076b380000,0x000000076d119c68,0x000000076d200000)
  from space 1536K, 79% used [0x000000076d280000,0x000000076d3b2610,0x000000076d400000)
  to   space 4608K, 0% used [0x000000076d680000,0x000000076d680000,0x000000076db00000)
 ParOldGen       total 219136K, used 197129K [0x00000006c1a00000, 0x00000006cf000000, 0x000000076b380000)
  object space 219136K, 89% used [0x00000006c1a00000,0x00000006cda825c8,0x00000006cf000000)
 Metaspace       used 11709K, capacity 11924K, committed 12288K, reserved 1060864K
  class space    used 1337K, capacity 1427K, committed 1536K, reserved 1048576K
Event: 383.752 GC heap after
Heap after GC invocations=1406 (full 2):
 PSYoungGen      total 34816K, used 3132K [0x000000076b380000, 0x000000076da80000, 0x00000007c0000000)
  eden space 30720K, 0% used [0x000000076b380000,0x000000076b380000,0x000000076d180000)
  from space 4096K, 76% used [0x000000076d680000,0x000000076d98f230,0x000000076da80000)
  to   space 4608K, 0% used [0x000000076d180000,0x000000076d180000,0x000000076d600000)
 ParOldGen       total 219136K, used 197289K [0x00000006c1a00000, 0x00000006cf000000, 0x000000076b380000)
  object space 219136K, 90% used [0x00000006c1a00000,0x00000006cdaaa5c8,0x00000006cf000000)
 Metaspace       used 11709K, capacity 11924K, committed 12288K, reserved 1060864K
  class space    used 1337K, capacity 1427K, committed 1536K, reserved 1048576K
}
Event: 383.923 GC heap before
{Heap before GC invocations=1407 (full 2):
 PSYoungGen      total 34816K, used 33416K [0x000000076b380000, 0x000000076da80000, 0x00000007c0000000)
  eden space 30720K, 98% used [0x000000076b380000,0x000000076d113158,0x000000076d180000)
  from space 4096K, 76% used [0x000000076d680000,0x000000076d98f230,0x000000076da80000)
  to   space 4608K, 0% used [0x000000076d180000,0x000000076d180000,0x000000076d600000)
 ParOldGen       total 219136K, used 197289K [0x00000006c1a00000, 0x00000006cf000000, 0x000000076b380000)
  object space 219136K, 90% used [0x00000006c1a00000,0x00000006cdaaa5c8,0x00000006cf000000)
 Metaspace       used 11709K, capacity 11924K, committed 12288K, reserved 1060864K
  class space    used 1337K, capacity 1427K, committed 1536K, reserved 1048576K
Event: 383.925 GC heap after
Heap after GC invocations=1407 (full 2):
 PSYoungGen      total 35328K, used 2131K [0x000000076b380000, 0x000000076da80000, 0x00000007c0000000)
  eden space 30720K, 0% used [0x000000076b380000,0x000000076b380000,0x000000076d180000)
  from space 4608K, 46% used [0x000000076d180000,0x000000076d394c20,0x000000076d600000)
  to   space 4096K, 0% used [0x000000076d680000,0x000000076d680000,0x000000076da80000)
 ParOldGen       total 219136K, used 197441K [0x00000006c1a00000, 0x00000006cf000000, 0x000000076b380000)
  object space 219136K, 90% used [0x00000006c1a00000,0x00000006cdad05c8,0x00000006cf000000)
 Metaspace       used 11709K, capacity 11924K, committed 12288K, reserved 1060864K
  class space    used 1337K, capacity 1427K, committed 1536K, reserved 1048576K
}

